#
# There is insufficient memory for the Java Runtime Environment to continue.
# Native memory allocation (mmap) failed to map 268435456 bytes for G1 virtual space
# Possible reasons:
#   The system is out of physical RAM or swap space
#   The process is running with CompressedOops enabled, and the Java Heap may be blocking the growth of the native heap
# Possible solutions:
#   Reduce memory load on the system
#   Increase physical memory or swap space
#   Check if swap backing store is full
#   Decrease Java heap size (-Xmx/-Xms)
#   Decrease number of Java threads
#   Decrease Java thread stack sizes (-Xss)
#   Set larger code cache with -XX:ReservedCodeCacheSize=
#   JVM is running with Zero Based Compressed Oops mode in which the Java heap is
#     placed in the first 32GB address space. The Java Heap base address is the
#     maximum limit for the native heap growth. Please use -XX:HeapBaseMinAddress
#     to set the Java Heap base and to place the Java Heap above 32GB virtual address.
# This output file may be truncated or incomplete.
#
#  Out of Memory Error (os_windows.cpp:3548), pid=14948, tid=13620
#
# JRE version:  (17.0.5+8) (build )
# Java VM: OpenJDK 64-Bit Server VM (17.0.5+8, mixed mode, sharing, tiered, compressed oops, compressed class ptrs, g1 gc, windows-amd64)
# No core dump will be written. Minidumps are not enabled by default on client versions of Windows
#

---------------  S U M M A R Y ------------

Command Line: -Dfile.encoding=UTF-8 -XX:+ShowCodeDetailsInExceptionMessages yogurt.pages.YogurtMain

Host: Intel(R) Core(TM) i3-8100 CPU @ 3.60GHz, 4 cores, 15G,  Windows 10 , 64 bit Build 19041 (10.0.19041.2364)
Time: Thu Dec 29 00:15:08 2022  Windows 10 , 64 bit Build 19041 (10.0.19041.2364) elapsed time: 0.019608 seconds (0d 0h 0m 0s)

---------------  T H R E A D  ---------------

Current thread (0x0000024c98008a60):  JavaThread "Unknown thread" [_thread_in_vm, id=13620, stack(0x000000dc3c400000,0x000000dc3c500000)]

Stack: [0x000000dc3c400000,0x000000dc3c500000]
Native frames: (J=compiled Java code, j=interpreted, Vv=VM code, C=native code)
V  [jvm.dll+0x676b3a]
V  [jvm.dll+0x831444]
V  [jvm.dll+0x832bee]
V  [jvm.dll+0x833253]
V  [jvm.dll+0x244ce5]
V  [jvm.dll+0x673a49]
V  [jvm.dll+0x66811a]
V  [jvm.dll+0x303ceb]
V  [jvm.dll+0x30b1e6]
V  [jvm.dll+0x35adbe]
V  [jvm.dll+0x35afef]
V  [jvm.dll+0x2dab88]
V  [jvm.dll+0x2dbaf4]
V  [jvm.dll+0x803121]
V  [jvm.dll+0x368bb1]
V  [jvm.dll+0x7e265c]
V  [jvm.dll+0x3eb17f]
V  [jvm.dll+0x3eccc1]
C  [jli.dll+0x5267]
C  [ucrtbase.dll+0x21bb2]
C  [KERNEL32.DLL+0x17614]
C  [ntdll.dll+0x526a1]


---------------  P R O C E S S  ---------------

Threads class SMR info:
_java_thread_list=0x00007fffb4462f18, length=0, elements={
}

Java Threads: ( => current thread )

Other Threads:
  0x0000024c98075d90 GCTaskThread "GC Thread#0" [stack: 0x000000dc3c500000,0x000000dc3c600000] [id=10532]
  0x0000024c98086ae0 ConcurrentGCThread "G1 Main Marker" [stack: 0x000000dc3c600000,0x000000dc3c700000] [id=13776]
  0x0000024c980874f0 ConcurrentGCThread "G1 Conc#0" [stack: 0x000000dc3c700000,0x000000dc3c800000] [id=6584]

[error occurred during error reporting (printing all threads), id 0xc0000005, EXCEPTION_ACCESS_VIOLATION (0xc0000005) at pc=0x00007fffb3c3b617]

VM state: not at safepoint (not fully initialized)

VM Mutex/Monitor currently owned by a thread:  ([mutex/lock_event])
[0x0000024c98004350] Heap_lock - owner thread: 0x0000024c98008a60

Heap address: 0x0000000701e00000, size: 4066 MB, Compressed Oops mode: Zero based, Oop shift amount: 3

CDS archive(s) mapped at: [0x0000000000000000-0x0000000000000000-0x0000000000000000), size 0, SharedBaseAddress: 0x0000000800000000, ArchiveRelocationMode: 0.
Narrow klass base: 0x0000000000000000, Narrow klass shift: 0, Narrow klass range: 0x0

GC Precious Log:
<Empty>

Heap:
 garbage-first heap   total 0K, used 0K [0x0000000701e00000, 0x0000000800000000)
  region size 2048K, 0 young (0K), 0 survivors (0K)

[error occurred during error reporting (printing heap information), id 0xc0000005, EXCEPTION_ACCESS_VIOLATION (0xc0000005) at pc=0x00007fffb401fcb9]

GC Heap History (0 events):
No events

Dll operation events (1 events):
Event: 0.008 Loaded shared library C:\Users\yello\.p2\pool\plugins\org.eclipse.justj.openjdk.hotspot.jre.full.win32.x86_64_17.0.5.v20221102-0933\jre\bin\java.dll

Deoptimization events (0 events):
No events

Classes unloaded (0 events):
No events

Classes redefined (0 events):
No events

Internal exceptions (0 events):
No events

VM Operations (0 events):
No events

Events (0 events):
No events


Dynamic libraries:
0x00007ff607020000 - 0x00007ff60702e000 	C:\Users\yello\.p2\pool\plugins\org.eclipse.justj.openjdk.hotspot.jre.full.win32.x86_64_17.0.5.v20221102-0933\jre\bin\javaw.exe
0x00007fffee190000 - 0x00007fffee388000 	C:\Windows\SYSTEM32\ntdll.dll
0x00007fffeded0000 - 0x00007fffedf8f000 	C:\Windows\System32\KERNEL32.DLL
0x00007fffebc50000 - 0x00007fffebf22000 	C:\Windows\System32\KERNELBASE.dll
0x00007fffec060000 - 0x00007fffec160000 	C:\Windows\System32\ucrtbase.dll
0x00007fffd2070000 - 0x00007fffd2087000 	C:\Users\yello\.p2\pool\plugins\org.eclipse.justj.openjdk.hotspot.jre.full.win32.x86_64_17.0.5.v20221102-0933\jre\bin\jli.dll
0x00007fffed320000 - 0x00007fffed4c1000 	C:\Windows\System32\USER32.dll
0x00007fffeba90000 - 0x00007fffebab2000 	C:\Windows\System32\win32u.dll
0x00007fffedc40000 - 0x00007fffedc6b000 	C:\Windows\System32\GDI32.dll
0x00007fffebac0000 - 0x00007fffebbcf000 	C:\Windows\System32\gdi32full.dll
0x00007fffebf30000 - 0x00007fffebfcd000 	C:\Windows\System32\msvcp_win.dll
0x00007fffce5e0000 - 0x00007fffce5f9000 	C:\Users\yello\.p2\pool\plugins\org.eclipse.justj.openjdk.hotspot.jre.full.win32.x86_64_17.0.5.v20221102-0933\jre\bin\VCRUNTIME140.dll
0x00007fffd7a90000 - 0x00007fffd7d2a000 	C:\Windows\WinSxS\amd64_microsoft.windows.common-controls_6595b64144ccf1df_6.0.19041.1110_none_60b5254171f9507e\COMCTL32.dll
0x00007fffec1d0000 - 0x00007fffec26e000 	C:\Windows\System32\msvcrt.dll
0x00007fffee030000 - 0x00007fffee062000 	C:\Windows\System32\IMM32.DLL
0x00007fffe64f0000 - 0x00007fffe64fc000 	C:\Users\yello\.p2\pool\plugins\org.eclipse.justj.openjdk.hotspot.jre.full.win32.x86_64_17.0.5.v20221102-0933\jre\bin\vcruntime140_1.dll
0x00007fffcba00000 - 0x00007fffcba91000 	C:\Users\yello\.p2\pool\plugins\org.eclipse.justj.openjdk.hotspot.jre.full.win32.x86_64_17.0.5.v20221102-0933\jre\bin\msvcp140.dll
0x00007fffb3950000 - 0x00007fffb4594000 	C:\Users\yello\.p2\pool\plugins\org.eclipse.justj.openjdk.hotspot.jre.full.win32.x86_64_17.0.5.v20221102-0933\jre\bin\server\jvm.dll
0x00007fffedd00000 - 0x00007fffeddae000 	C:\Windows\System32\ADVAPI32.dll
0x00007fffedf90000 - 0x00007fffee02c000 	C:\Windows\System32\sechost.dll
0x00007fffed910000 - 0x00007fffeda35000 	C:\Windows\System32\RPCRT4.dll
0x00007fffce9b0000 - 0x00007fffce9b9000 	C:\Windows\SYSTEM32\WSOCK32.dll
0x00007fffed840000 - 0x00007fffed8ab000 	C:\Windows\System32\WS2_32.dll
0x00007fffe0820000 - 0x00007fffe0847000 	C:\Windows\SYSTEM32\WINMM.dll
0x00007fffe16a0000 - 0x00007fffe16aa000 	C:\Windows\SYSTEM32\VERSION.dll
0x00007fffea120000 - 0x00007fffea132000 	C:\Windows\SYSTEM32\kernel.appcore.dll
0x00007fffcebc0000 - 0x00007fffcebca000 	C:\Users\yello\.p2\pool\plugins\org.eclipse.justj.openjdk.hotspot.jre.full.win32.x86_64_17.0.5.v20221102-0933\jre\bin\jimage.dll
0x00007fffe1490000 - 0x00007fffe1674000 	C:\Windows\SYSTEM32\DBGHELP.DLL
0x00007fffdcc80000 - 0x00007fffdccb5000 	C:\Windows\SYSTEM32\dbgcore.DLL
0x00007fffebfd0000 - 0x00007fffec052000 	C:\Windows\System32\bcryptPrimitives.dll
0x00007fffb3920000 - 0x00007fffb3945000 	C:\Users\yello\.p2\pool\plugins\org.eclipse.justj.openjdk.hotspot.jre.full.win32.x86_64_17.0.5.v20221102-0933\jre\bin\java.dll

dbghelp: loaded successfully - version: 4.0.5 - missing functions: none
symbol engine: initialized successfully - sym options: 0x614 - pdb path: .;C:\Users\yello\.p2\pool\plugins\org.eclipse.justj.openjdk.hotspot.jre.full.win32.x86_64_17.0.5.v20221102-0933\jre\bin;C:\Windows\SYSTEM32;C:\Windows\WinSxS\amd64_microsoft.windows.common-controls_6595b64144ccf1df_6.0.19041.1110_none_60b5254171f9507e;C:\Users\yello\.p2\pool\plugins\org.eclipse.justj.openjdk.hotspot.jre.full.win32.x86_64_17.0.5.v20221102-0933\jre\bin\server

VM Arguments:
jvm_args: -Dfile.encoding=UTF-8 -XX:+ShowCodeDetailsInExceptionMessages 
java_command: yogurt.pages.YogurtMain
java_class_path (initial): C:\Users\yello\Desktop\JAVA_study_20220927\java_workspace2\2ndProject\bin;C:\Users\yello\Desktop\JAVA_study_20220927\java_workspace2\2ndProject\lib\ojdbc6.jar;C:\Users\yello\Desktop\JAVA_study_20220927\java_workspace2\2ndProject\lib\json-simple-1.1.1.jar
Launcher Type: SUN_STANDARD

[Global flags]
     intx CICompilerCount                          = 3                                         {product} {ergonomic}
     uint ConcGCThreads                            = 1                                         {product} {ergonomic}
     uint G1ConcRefinementThreads                  = 4                                         {product} {ergonomic}
   size_t G1HeapRegionSize                         = 2097152                                   {product} {ergonomic}
    uintx GCDrainStackTargetSize                   = 64                                        {product} {ergonomic}
   size_t InitialHeapSize                          = 268435456                                 {product} {ergonomic}
   size_t MarkStackSize                            = 4194304                                   {product} {ergonomic}
   size_t MaxHeapSize                              = 4263510016                                {product} {ergonomic}
   size_t MinHeapDeltaBytes                        = 2097152                                   {product} {ergonomic}
   size_t MinHeapSize                              = 8388608                                   {product} {ergonomic}
    uintx NonNMethodCodeHeapSize                   = 5832780                                {pd product} {ergonomic}
    uintx NonProfiledCodeHeapSize                  = 122912730                              {pd product} {ergonomic}
    uintx ProfiledCodeHeapSize                     = 122912730                              {pd product} {ergonomic}
    uintx ReservedCodeCacheSize                    = 251658240                              {pd product} {ergonomic}
     bool SegmentedCodeCache                       = true                                      {product} {ergonomic}
     bool ShowCodeDetailsInExceptionMessages       = true                                   {manageable} {command line}
   size_t SoftMaxHeapSize                          = 4263510016                             {manageable} {ergonomic}
     bool UseCompressedClassPointers               = true                           {product lp64_product} {ergonomic}
     bool UseCompressedOops                        = true                           {product lp64_product} {ergonomic}
     bool UseG1GC                                  = true                                      {product} {ergonomic}
     bool UseLargePagesIndividualAllocation        = false                                  {pd product} {ergonomic}

Logging:
Log output configuration:
 #0: stdout all=warning uptime,level,tags
 #1: stderr all=off uptime,level,tags

Environment Variables:
JAVA_HOME=C:\Java
PATH=C:/Users/yello/.p2/pool/plugins/org.eclipse.justj.openjdk.hotspot.jre.full.win32.x86_64_17.0.5.v20221102-0933/jre/bin/server;C:/Users/yello/.p2/pool/plugins/org.eclipse.justj.openjdk.hotspot.jre.full.win32.x86_64_17.0.5.v20221102-0933/jre/bin;C:\Java\bin;C:\oraclexe\app\oracle\product\11.2.0\server\bin;C:\Windows\system32;C:\Windows;C:\Windows\System32\Wbem;C:\Windows\System32\WindowsPowerShell\v1.0\;C:\Windows\System32\OpenSSH\;C:\Program Files\Git\cmd;C:\Java\jdk11\bin;C:\Program Files\MySQL\MySQL Shell 8.0\bin\;C:\Users\yello\AppData\Local\Microsoft\WindowsApps;;C:\Users\yello\AppData\Local\Programs\Microsoft VS Code\bin;C:\java_ec\eclipse;
USERNAME=yello
OS=Windows_NT
PROCESSOR_IDENTIFIER=Intel64 Family 6 Model 158 Stepping 11, GenuineIntel
TMP=C:\Users\yello\AppData\Local\Temp
TEMP=C:\Users\yello\AppData\Local\Temp



---------------  S Y S T E M  ---------------

OS:
 Windows 10 , 64 bit Build 19041 (10.0.19041.2364)
OS uptime: 0 days 7:56 hours

CPU: total 4 (initial active 4) (4 cores per cpu, 1 threads per core) family 6 model 158 stepping 11 microcode 0xec, cx8, cmov, fxsr, mmx, 3dnowpref, sse, sse2, sse3, ssse3, sse4.1, sse4.2, popcnt, lzcnt, tsc, tscinvbit, avx, avx2, aes, erms, clmul, bmi1, bmi2, adx, fma, vzeroupper, clflush, clflushopt

Memory: 4k page, system-wide physical 16262M (8195M free)
TotalPageFile size 17286M (AvailPageFile size 233M)
current process WorkingSet (physical memory assigned to process): 10M, peak: 10M
current process commit charge ("private bytes"): 51M, peak: 307M

vm_info: OpenJDK 64-Bit Server VM (17.0.5+8) for windows-amd64 JRE (17.0.5+8), built on Oct 19 2022 04:48:13 by "temurin" with MS VC++ 16.7 (VS2019)

END.
